<?xml version="1.0" encoding="UTF-8"?>
<robot generator="Robot 4.1 (Python 3.8.10 on linux)" generated="20210816 13:33:07.253" rpa="false" schemaversion="2">
<suite id="s1" name="Login" source="/home/susana/automação/RobotXpert/bodytest/tests/login.robot">
<test id="s1-t1" name="Senha incorreta">
<kw name="New Browser" library="Browser">
<arg>chromium</arg>
<arg>False</arg>
<tag>BrowserControl</tag>
<tag>Setter</tag>
<doc>Create a new playwright Browser with specified options.
See `Browser, Context and Page` for more information about Browser and related concepts.</doc>
<msg timestamp="20210816 13:33:07.719" level="INFO">{"browser": "chromium", "headless": false, "handleSIGINT": true, "handleSIGTERM": true, "handleSIGHUP": true, "timeout": 30000.0, "devtools": false, "slowMo": 0.0, "tracesDir": "/home/susana/automa\u00e7\u00e3o/RobotXpert/bodytest/logs/browser/traces/9b21dd80-7f3a-43ad-99e3-fbcda2f62b2c"}</msg>
<msg timestamp="20210816 13:33:08.019" level="INFO">Successfully created browser with options: {"browser":"chromium","headless":false,"handleSIGINT":true,"handleSIGTERM":true,"handleSIGHUP":true,"timeout":30000,"devtools":false,"slowMo":0,"tracesDir":"/home/susana/automação/RobotXpert/bodytest/logs/browser/traces/9b21dd80-7f3a-43ad-99e3-fbcda2f62b2c"}</msg>
<status status="PASS" starttime="20210816 13:33:07.718" endtime="20210816 13:33:08.019"/>
</kw>
<kw name="New Page" library="Browser">
<arg>https://bodytest-web-susana.herokuapp.com/</arg>
<tag>BrowserControl</tag>
<tag>Setter</tag>
<doc>Open a new Page. A Page is the Playwright equivalent to a tab.
See `Browser, Context and Page` for more information about Page concept.
Returns a stable identifier for the created page.</doc>
<msg timestamp="20210816 13:33:11.597" level="INFO">Successfully initialized new page object and opened url: https://bodytest-web-susana.herokuapp.com/</msg>
<msg timestamp="20210816 13:33:11.597" level="INFO">No context was open. New context was automatically opened when this page is created.</msg>
<status status="PASS" starttime="20210816 13:33:08.020" endtime="20210816 13:33:11.598"/>
</kw>
<kw name="Fill Text" library="Browser">
<arg>css=input[name=email]</arg>
<arg>admin@bodytest.com</arg>
<tag>PageContent</tag>
<tag>Setter</tag>
<doc>Clears and fills the given ``txt`` into the text field found by ``selector``.</doc>
<msg timestamp="20210816 13:33:11.602" level="INFO">Fills the text 'admin@bodytest.com' in the given field.</msg>
<status status="PASS" starttime="20210816 13:33:11.600" endtime="20210816 13:33:11.711"/>
</kw>
<kw name="Fill Text" library="Browser">
<arg>css=input[name=password]</arg>
<arg>pwd</arg>
<tag>PageContent</tag>
<tag>Setter</tag>
<doc>Clears and fills the given ``txt`` into the text field found by ``selector``.</doc>
<msg timestamp="20210816 13:33:11.711" level="INFO">Fills the text 'pwd' in the given field.</msg>
<status status="PASS" starttime="20210816 13:33:11.711" endtime="20210816 13:33:11.736"/>
</kw>
<kw name="Click" library="Browser">
<arg>text=Entrar</arg>
<tag>PageContent</tag>
<tag>Setter</tag>
<doc>Simulates mouse click on the element found by ``selector``.</doc>
<status status="PASS" starttime="20210816 13:33:11.736" endtime="20210816 13:33:11.800"/>
</kw>
<kw name="Wait For Elements State" library="Browser">
<arg>css=.Toastify__toast-body &gt;&gt; text=Usuário ou senha inválido</arg>
<arg>visible</arg>
<arg>5</arg>
<tag>PageContent</tag>
<tag>Wait</tag>
<doc>Waits for the element found by ``selector`` to satisfy state option.</doc>
<msg timestamp="20210816 13:33:12.577" level="INFO">Wait for Element with selector: css=.Toastify__toast-body &gt;&gt; text=Usuário ou senha inválido</msg>
<status status="PASS" starttime="20210816 13:33:11.800" endtime="20210816 13:33:12.577"/>
</kw>
<tag>temp</tag>
<status status="PASS" starttime="20210816 13:33:07.716" endtime="20210816 13:33:12.577"/>
</test>
<doc>Suite de testes de Login do Administrador</doc>
<status status="PASS" starttime="20210816 13:33:07.254" endtime="20210816 13:33:12.649"/>
</suite>
<statistics>
<total>
<stat pass="1" fail="0" skip="0">All Tests</stat>
</total>
<tag>
<stat pass="1" fail="0" skip="0">temp</stat>
</tag>
<suite>
<stat pass="1" fail="0" skip="0" id="s1" name="Login">Login</stat>
</suite>
</statistics>
<errors>
</errors>
</robot>
