<?xml version="1.0" encoding="UTF-8"?>
<robot generator="Robot 4.1 (Python 3.8.10 on linux)" generated="20210816 13:25:34.890" rpa="false" schemaversion="2">
<suite id="s1" name="Login" source="/home/susana/automação/RobotXpert/bodytest/tests/login.robot">
<test id="s1-t1" name="Senha incorreta">
<kw name="New Browser" library="Browser">
<arg>chromium</arg>
<arg>False</arg>
<tag>BrowserControl</tag>
<tag>Setter</tag>
<doc>Create a new playwright Browser with specified options.
See `Browser, Context and Page` for more information about Browser and related concepts.</doc>
<msg timestamp="20210816 13:25:35.366" level="INFO">{"browser": "chromium", "headless": false, "handleSIGINT": true, "handleSIGTERM": true, "handleSIGHUP": true, "timeout": 30000.0, "devtools": false, "slowMo": 0.0, "tracesDir": "/home/susana/automa\u00e7\u00e3o/RobotXpert/bodytest/logs/browser/traces/fd4f1dd2-b192-4ead-be89-b920457e4cc4"}</msg>
<msg timestamp="20210816 13:25:35.660" level="INFO">Successfully created browser with options: {"browser":"chromium","headless":false,"handleSIGINT":true,"handleSIGTERM":true,"handleSIGHUP":true,"timeout":30000,"devtools":false,"slowMo":0,"tracesDir":"/home/susana/automação/RobotXpert/bodytest/logs/browser/traces/fd4f1dd2-b192-4ead-be89-b920457e4cc4"}</msg>
<status status="PASS" starttime="20210816 13:25:35.365" endtime="20210816 13:25:35.660"/>
</kw>
<kw name="New Page" library="Browser">
<arg>https://bodytest-web-susana.herokuapp.com/</arg>
<tag>BrowserControl</tag>
<tag>Setter</tag>
<doc>Open a new Page. A Page is the Playwright equivalent to a tab.
See `Browser, Context and Page` for more information about Page concept.
Returns a stable identifier for the created page.</doc>
<msg timestamp="20210816 13:25:38.151" level="INFO">Successfully initialized new page object and opened url: https://bodytest-web-susana.herokuapp.com/</msg>
<msg timestamp="20210816 13:25:38.152" level="INFO">No context was open. New context was automatically opened when this page is created.</msg>
<status status="PASS" starttime="20210816 13:25:35.660" endtime="20210816 13:25:38.153"/>
</kw>
<kw name="Fill Text" library="Browser">
<arg>css=input[name=email]</arg>
<arg>admin@bodytest.com</arg>
<tag>PageContent</tag>
<tag>Setter</tag>
<doc>Clears and fills the given ``txt`` into the text field found by ``selector``.</doc>
<msg timestamp="20210816 13:25:38.155" level="INFO">Fills the text 'admin@bodytest.com' in the given field.</msg>
<status status="PASS" starttime="20210816 13:25:38.154" endtime="20210816 13:25:38.260"/>
</kw>
<kw name="Fill Text" library="Browser">
<arg>css=input[name=password]</arg>
<arg>pwd</arg>
<tag>PageContent</tag>
<tag>Setter</tag>
<doc>Clears and fills the given ``txt`` into the text field found by ``selector``.</doc>
<msg timestamp="20210816 13:25:38.261" level="INFO">Fills the text 'pwd' in the given field.</msg>
<status status="PASS" starttime="20210816 13:25:38.260" endtime="20210816 13:25:38.295"/>
</kw>
<kw name="Click" library="Browser">
<arg>text=Entrar</arg>
<tag>PageContent</tag>
<tag>Setter</tag>
<doc>Simulates mouse click on the element found by ``selector``.</doc>
<status status="PASS" starttime="20210816 13:25:38.296" endtime="20210816 13:25:38.384"/>
</kw>
<kw name="Get Text" library="Browser">
<arg>css=.Toastify__toast-body</arg>
<arg>equal</arg>
<arg>Usuário ou senha inválido</arg>
<tag>Assertion</tag>
<tag>Getter</tag>
<tag>PageContent</tag>
<doc>Returns text attribute of the element found by ``selector``.</doc>
<status status="PASS" starttime="20210816 13:25:38.384" endtime="20210816 13:25:39.112"/>
</kw>
<tag>temp</tag>
<status status="PASS" starttime="20210816 13:25:35.363" endtime="20210816 13:25:39.112"/>
</test>
<doc>Suite de testes de Login do Administrador</doc>
<status status="PASS" starttime="20210816 13:25:34.891" endtime="20210816 13:25:39.169"/>
</suite>
<statistics>
<total>
<stat pass="1" fail="0" skip="0">All Tests</stat>
</total>
<tag>
<stat pass="1" fail="0" skip="0">temp</stat>
</tag>
<suite>
<stat pass="1" fail="0" skip="0" id="s1" name="Login">Login</stat>
</suite>
</statistics>
<errors>
</errors>
</robot>
