<?xml version="1.0" encoding="UTF-8"?>
<robot generator="Robot 4.1 (Python 3.8.10 on linux)" generated="20210816 13:06:24.278" rpa="false" schemaversion="2">
<suite id="s1" name="Login" source="/home/susana/automação/RobotXpert/bodytest/tests/login.robot">
<test id="s1-t1" name="Login do Administrador">
<kw name="New Browser" library="Browser">
<arg>chromium</arg>
<arg>False</arg>
<tag>BrowserControl</tag>
<tag>Setter</tag>
<doc>Create a new playwright Browser with specified options.
See `Browser, Context and Page` for more information about Browser and related concepts.</doc>
<msg timestamp="20210816 13:06:24.770" level="INFO">{"browser": "chromium", "headless": false, "handleSIGINT": true, "handleSIGTERM": true, "handleSIGHUP": true, "timeout": 30000.0, "devtools": false, "slowMo": 0.0, "tracesDir": "/home/susana/automa\u00e7\u00e3o/RobotXpert/bodytest/logs/browser/traces/769c41d0-6817-46ed-83a8-f09510ae09a8"}</msg>
<msg timestamp="20210816 13:06:25.053" level="INFO">Successfully created browser with options: {"browser":"chromium","headless":false,"handleSIGINT":true,"handleSIGTERM":true,"handleSIGHUP":true,"timeout":30000,"devtools":false,"slowMo":0,"tracesDir":"/home/susana/automação/RobotXpert/bodytest/logs/browser/traces/769c41d0-6817-46ed-83a8-f09510ae09a8"}</msg>
<status status="PASS" starttime="20210816 13:06:24.769" endtime="20210816 13:06:25.053"/>
</kw>
<kw name="New Page" library="Browser">
<arg>https://bodytest-web-susana.herokuapp.com/</arg>
<tag>BrowserControl</tag>
<tag>Setter</tag>
<doc>Open a new Page. A Page is the Playwright equivalent to a tab.
See `Browser, Context and Page` for more information about Page concept.
Returns a stable identifier for the created page.</doc>
<msg timestamp="20210816 13:06:34.779" level="INFO">Successfully initialized new page object and opened url: https://bodytest-web-susana.herokuapp.com/</msg>
<msg timestamp="20210816 13:06:34.780" level="INFO">No context was open. New context was automatically opened when this page is created.</msg>
<status status="PASS" starttime="20210816 13:06:25.054" endtime="20210816 13:06:34.781"/>
</kw>
<kw name="Fill Text" library="Browser">
<arg>css=input[name=email]</arg>
<arg>admin@bodytest.com</arg>
<tag>PageContent</tag>
<tag>Setter</tag>
<doc>Clears and fills the given ``txt`` into the text field found by ``selector``.</doc>
<msg timestamp="20210816 13:06:34.784" level="INFO">Fills the text 'admin@bodytest.com' in the given field.</msg>
<status status="PASS" starttime="20210816 13:06:34.782" endtime="20210816 13:06:34.901"/>
</kw>
<kw name="Fill Text" library="Browser">
<arg>css=input[name=password]</arg>
<arg>pwd123</arg>
<tag>PageContent</tag>
<tag>Setter</tag>
<doc>Clears and fills the given ``txt`` into the text field found by ``selector``.</doc>
<msg timestamp="20210816 13:06:34.902" level="INFO">Fills the text 'pwd123' in the given field.</msg>
<status status="PASS" starttime="20210816 13:06:34.901" endtime="20210816 13:06:34.931"/>
</kw>
<kw name="Click" library="Browser">
<arg>text=Entrar</arg>
<tag>PageContent</tag>
<tag>Setter</tag>
<doc>Simulates mouse click on the element found by ``selector``.</doc>
<status status="PASS" starttime="20210816 13:06:34.932" endtime="20210816 13:06:35.016"/>
</kw>
<kw name="Get Text" library="Browser">
<arg>css=aside strong</arg>
<arg>equal</arg>
<arg>Administrador</arg>
<tag>Assertion</tag>
<tag>Getter</tag>
<tag>PageContent</tag>
<doc>Returns text attribute of the element found by ``selector``.</doc>
<status status="PASS" starttime="20210816 13:06:35.017" endtime="20210816 13:06:43.037"/>
</kw>
<kw name="Take Screenshot" library="Browser">
<tag>PageContent</tag>
<doc>Takes a screenshot of the current window or element and saves it to disk.</doc>
<msg timestamp="20210816 13:06:43.140" level="INFO" html="true">&lt;/td&gt;&lt;/tr&gt;&lt;tr&gt;&lt;td colspan="3"&gt;&lt;a href="browser/screenshot/robotframework-browser-screenshot-1.png"&gt;&lt;img src="browser/screenshot/robotframework-browser-screenshot-1.png" width="800px"&gt;&lt;/a&gt;</msg>
<status status="PASS" starttime="20210816 13:06:43.037" endtime="20210816 13:06:43.141"/>
</kw>
<status status="PASS" starttime="20210816 13:06:24.767" endtime="20210816 13:06:43.141"/>
</test>
<doc>Suite de testes de Login do Administrador</doc>
<status status="PASS" starttime="20210816 13:06:24.279" endtime="20210816 13:06:43.201"/>
</suite>
<statistics>
<total>
<stat pass="1" fail="0" skip="0">All Tests</stat>
</total>
<tag>
</tag>
<suite>
<stat pass="1" fail="0" skip="0" id="s1" name="Login">Login</stat>
</suite>
</statistics>
<errors>
</errors>
</robot>
