<?xml version="1.0" encoding="UTF-8"?>
<robot generator="Robot 4.1 (Python 3.8.10 on linux)" generated="20210822 21:00:51.206" rpa="false" schemaversion="2">
<suite id="s1" name="Login" source="/home/susana/automação/RobotXpert/bodytest/tests/login.robot">
<test id="s1-t1" name="Email e senha não informados">
<kw name="New Browser" library="Browser">
<arg>chromium</arg>
<arg>False</arg>
<tag>BrowserControl</tag>
<tag>Setter</tag>
<doc>Create a new playwright Browser with specified options.
See `Browser, Context and Page` for more information about Browser and related concepts.</doc>
<msg timestamp="20210822 21:00:51.846" level="INFO">{"browser": "chromium", "headless": false, "handleSIGINT": true, "handleSIGTERM": true, "handleSIGHUP": true, "timeout": 30000.0, "devtools": false, "slowMo": 0.0, "tracesDir": "/home/susana/automa\u00e7\u00e3o/RobotXpert/bodytest/logs/browser/traces/2a2e88e8-c8e5-4f30-9c99-efcc4422be39"}</msg>
<msg timestamp="20210822 21:00:52.147" level="INFO">Successfully created browser with options: {"browser":"chromium","headless":false,"handleSIGINT":true,"handleSIGTERM":true,"handleSIGHUP":true,"timeout":30000,"devtools":false,"slowMo":0,"tracesDir":"/home/susana/automação/RobotXpert/bodytest/logs/browser/traces/2a2e88e8-c8e5-4f30-9c99-efcc4422be39"}</msg>
<status status="PASS" starttime="20210822 21:00:51.844" endtime="20210822 21:00:52.147"/>
</kw>
<kw name="New Page" library="Browser">
<arg>https://bodytest-web-susana.herokuapp.com/</arg>
<tag>BrowserControl</tag>
<tag>Setter</tag>
<doc>Open a new Page. A Page is the Playwright equivalent to a tab.
See `Browser, Context and Page` for more information about Page concept.
Returns a stable identifier for the created page.</doc>
<msg timestamp="20210822 21:00:54.897" level="INFO">Successfully initialized new page object and opened url: https://bodytest-web-susana.herokuapp.com/</msg>
<msg timestamp="20210822 21:00:54.898" level="INFO">No context was open. New context was automatically opened when this page is created.</msg>
<status status="PASS" starttime="20210822 21:00:52.148" endtime="20210822 21:00:54.898"/>
</kw>
<kw name="Fill Text" library="Browser">
<arg>css=input[name=email]</arg>
<arg>${EMPTY}</arg>
<tag>PageContent</tag>
<tag>Setter</tag>
<doc>Clears and fills the given ``txt`` into the text field found by ``selector``.</doc>
<msg timestamp="20210822 21:00:54.903" level="INFO">Fills the text '' in the given field.</msg>
<status status="PASS" starttime="20210822 21:00:54.899" endtime="20210822 21:00:55.001"/>
</kw>
<kw name="Fill Text" library="Browser">
<arg>css=input[name=password]</arg>
<arg>${EMPTY}</arg>
<tag>PageContent</tag>
<tag>Setter</tag>
<doc>Clears and fills the given ``txt`` into the text field found by ``selector``.</doc>
<msg timestamp="20210822 21:00:55.003" level="INFO">Fills the text '' in the given field.</msg>
<status status="PASS" starttime="20210822 21:00:55.002" endtime="20210822 21:00:55.047"/>
</kw>
<kw name="Click" library="Browser">
<arg>text=Entrar</arg>
<tag>PageContent</tag>
<tag>Setter</tag>
<doc>Simulates mouse click on the element found by ``selector``.</doc>
<status status="PASS" starttime="20210822 21:00:55.047" endtime="20210822 21:00:55.152"/>
</kw>
<kw name="Wait For Elements State" library="Browser">
<arg>css=form span &gt;&gt; text=O e-mail é obrigatório</arg>
<arg>visible</arg>
<arg>5</arg>
<tag>PageContent</tag>
<tag>Wait</tag>
<doc>Waits for the element found by ``selector`` to satisfy state option.</doc>
<msg timestamp="20210822 21:00:55.188" level="INFO">Wait for Element with selector: css=form span &gt;&gt; text=O e-mail é obrigatório</msg>
<status status="PASS" starttime="20210822 21:00:55.153" endtime="20210822 21:00:55.189"/>
</kw>
<kw name="Wait For Elements State" library="Browser">
<arg>css=form span &gt;&gt; text=A senha é obrigatória</arg>
<arg>visible</arg>
<arg>5</arg>
<tag>PageContent</tag>
<tag>Wait</tag>
<doc>Waits for the element found by ``selector`` to satisfy state option.</doc>
<msg timestamp="20210822 21:00:55.211" level="INFO">Wait for Element with selector: css=form span &gt;&gt; text=A senha é obrigatória</msg>
<status status="PASS" starttime="20210822 21:00:55.189" endtime="20210822 21:00:55.212"/>
</kw>
<tag>temp</tag>
<status status="PASS" starttime="20210822 21:00:51.840" endtime="20210822 21:00:55.212"/>
</test>
<doc>Suite de testes de Login do Administrador</doc>
<status status="PASS" starttime="20210822 21:00:51.208" endtime="20210822 21:00:55.339"/>
</suite>
<statistics>
<total>
<stat pass="1" fail="0" skip="0">All Tests</stat>
</total>
<tag>
<stat pass="1" fail="0" skip="0">temp</stat>
</tag>
<suite>
<stat pass="1" fail="0" skip="0" id="s1" name="Login">Login</stat>
</suite>
</statistics>
<errors>
</errors>
</robot>
