<?xml version="1.0" encoding="UTF-8"?>
<robot generator="Robot 4.1 (Python 3.8.10 on linux)" generated="20210814 16:51:03.252" rpa="false" schemaversion="2">
<suite id="s1" name="Dicionarios" source="/home/susana/automação/RobotXpert/start/dicionarios.robot">
<test id="s1-t1" name="Obtendo valores de um dicionario">
<kw name="Log To Console" library="BuiltIn">
<arg>${CARRO.nome}</arg>
<doc>Logs the given message to the console.</doc>
<status status="PASS" starttime="20210814 16:51:03.274" endtime="20210814 16:51:03.274"/>
</kw>
<status status="PASS" starttime="20210814 16:51:03.273" endtime="20210814 16:51:03.275"/>
</test>
<doc>Conhecendo os dicionários do Robot (Nativo do Pyhton)</doc>
<status status="PASS" starttime="20210814 16:51:03.253" endtime="20210814 16:51:03.275"/>
</suite>
<statistics>
<total>
<stat pass="1" fail="0" skip="0">All Tests</stat>
</total>
<tag>
</tag>
<suite>
<stat pass="1" fail="0" skip="0" id="s1" name="Dicionarios">Dicionarios</stat>
</suite>
</statistics>
<errors>
</errors>
</robot>
